Using pre-set license
Built from '2020.3/staging' branch; Version is '2020.3.18f1 (a7d1c678663c) revision 10998214'; Using compiler version '192528614'; Build Type 'Release'
OS: 'Windows 10 Home; OS build 19043.1237; Version 2009; 64bit' Language: 'zh' Physical Memory: 16229 MB
BatchMode: 1, IsHumanControllingUs: 0, StartBugReporterOnCrash: 0, Is64bit: 1, IsPro: 0

COMMAND LINE ARGUMENTS:
C:\Program Files\Unity\Hub\Editor\2020.3.18f1\Editor\Unity.exe
-adb2
-batchMode
-noUpm
-name
AssetImportWorker0
-projectPath
C:/Users/user/Documents/GitHub/Unity_littledinosaur_210917/LittleDinosaur
-logFile
Logs/AssetImportWorker0.log
-srvPort
64748
Successfully changed project path to: C:/Users/user/Documents/GitHub/Unity_littledinosaur_210917/LittleDinosaur
C:/Users/user/Documents/GitHub/Unity_littledinosaur_210917/LittleDinosaur
Using Asset Import Pipeline V2.
Refreshing native plugins compatible for Editor in 38.60 ms, found 3 plugins.
Preloading 0 native plugins for Editor in 0.00 ms.
Initialize engine version: 2020.3.18f1 (a7d1c678663c)
[Subsystems] Discovering subsystems at path C:/Program Files/Unity/Hub/Editor/2020.3.18f1/Editor/Data/Resources/UnitySubsystems
[Subsystems] Discovering subsystems at path C:/Users/user/Documents/GitHub/Unity_littledinosaur_210917/LittleDinosaur/Assets
GfxDevice: creating device client; threaded=0
Direct3D:
    Version:  Direct3D 11.0 [level 11.1]
    Renderer: NVIDIA GeForce GTX 1650 (ID=0x1f91)
    Vendor:   
    VRAM:     3962 MB
    Driver:   27.21.14.5709
Initialize mono
Mono path[0] = 'C:/Program Files/Unity/Hub/Editor/2020.3.18f1/Editor/Data/Managed'
Mono path[1] = 'C:/Program Files/Unity/Hub/Editor/2020.3.18f1/Editor/Data/MonoBleedingEdge/lib/mono/unityjit'
Mono config path = 'C:/Program Files/Unity/Hub/Editor/2020.3.18f1/Editor/Data/MonoBleedingEdge/etc'
Using monoOptions --debugger-agent=transport=dt_socket,embedding=1,server=y,suspend=n,address=127.0.0.1:56164
Begin MonoManager ReloadAssembly
Registering precompiled unity dll's ...
Register platform support module: C:/Program Files/Unity/Hub/Editor/2020.3.18f1/Editor/Data/PlaybackEngines/WebGLSupport/UnityEditor.WebGL.Extensions.dll
Register platform support module: C:/Program Files/Unity/Hub/Editor/2020.3.18f1/Editor/Data/PlaybackEngines/WindowsStandaloneSupport/UnityEditor.WindowsStandalone.Extensions.dll
Registered in 0.002525 seconds.
Native extension for WindowsStandalone target not found
Native extension for WebGL target not found
Refreshing native plugins compatible for Editor in 40.52 ms, found 3 plugins.
Preloading 0 native plugins for Editor in 0.00 ms.
Mono: successfully reloaded assembly
- Completed reload, in  2.023 seconds
Domain Reload Profiling:
	ReloadAssembly (2023ms)
		BeginReloadAssembly (53ms)
			ExecutionOrderSort (0ms)
			DisableScriptedObjects (0ms)
			BackupInstance (0ms)
			ReleaseScriptingObjects (0ms)
			CreateAndSetChildDomain (1ms)
		EndReloadAssembly (377ms)
			LoadAssemblies (51ms)
			RebuildTransferFunctionScriptingTraits (0ms)
			SetupTypeCache (139ms)
			ReleaseScriptCaches (0ms)
			RebuildScriptCaches (31ms)
			SetupLoadedEditorAssemblies (148ms)
				LogAssemblyErrors (0ms)
				InitializePlatformSupportModulesInManaged (4ms)
				SetLoadedEditorAssemblies (0ms)
				RefreshPlugins (41ms)
				BeforeProcessingInitializeOnLoad (7ms)
				ProcessInitializeOnLoadAttributes (70ms)
				ProcessInitializeOnLoadMethodAttributes (26ms)
				AfterProcessingInitializeOnLoad (0ms)
				EditorAssembliesLoaded (0ms)
			ExecutionOrderSort2 (0ms)
			AwakeInstancesAfterBackupRestoration (0ms)
Platform modules already initialized, skipping
Registering precompiled user dll's ...
Registered in 0.003410 seconds.
Begin MonoManager ReloadAssembly
Native extension for WindowsStandalone target not found
Native extension for WebGL target not found
Refreshing native plugins compatible for Editor in 38.02 ms, found 3 plugins.
Preloading 0 native plugins for Editor in 0.00 ms.
Mono: successfully reloaded assembly
- Completed reload, in  1.058 seconds
Domain Reload Profiling:
	ReloadAssembly (1059ms)
		BeginReloadAssembly (135ms)
			ExecutionOrderSort (0ms)
			DisableScriptedObjects (4ms)
			BackupInstance (0ms)
			ReleaseScriptingObjects (0ms)
			CreateAndSetChildDomain (16ms)
		EndReloadAssembly (866ms)
			LoadAssemblies (102ms)
			RebuildTransferFunctionScriptingTraits (0ms)
			SetupTypeCache (299ms)
			ReleaseScriptCaches (0ms)
			RebuildScriptCaches (45ms)
			SetupLoadedEditorAssemblies (312ms)
				LogAssemblyErrors (0ms)
				InitializePlatformSupportModulesInManaged (4ms)
				SetLoadedEditorAssemblies (0ms)
				RefreshPlugins (38ms)
				BeforeProcessingInitializeOnLoad (63ms)
				ProcessInitializeOnLoadAttributes (188ms)
				ProcessInitializeOnLoadMethodAttributes (11ms)
				AfterProcessingInitializeOnLoad (6ms)
				EditorAssembliesLoaded (0ms)
			ExecutionOrderSort2 (0ms)
			AwakeInstancesAfterBackupRestoration (6ms)
Platform modules already initialized, skipping
========================================================================
Worker process is ready to serve import requests
Launched and connected shader compiler UnityShaderCompiler.exe after 0.06 seconds
Refreshing native plugins compatible for Editor in 1.01 ms, found 3 plugins.
Preloading 0 native plugins for Editor in 0.00 ms.
Unloading 2090 Unused Serialized files (Serialized files now loaded: 0)
System memory in use before: 93.0 MB.
System memory in use after: 93.1 MB.

Unloading 26 unused Assets to reduce memory usage. Loaded Objects now: 2529.
Total: 3.048000 ms (FindLiveObjects: 0.182000 ms CreateObjectMapping: 0.060300 ms MarkObjects: 2.744500 ms  DeleteObjects: 0.060500 ms)

AssetImportParameters requested are different than current active one (requested -> active):
  custom:framework-win-MediaFoundation: 216162199b28c13a410421893ffa2e32 -> 
  custom:video-decoder-ogg-theora: a1e56fd34408186e4bbccfd4996cb3dc -> 
  custom:container-muxer-webm: aa71ff27fc2769a1b78a27578f13a17b -> 
  custom:container-demuxer-webm: 4f35f7cbe854078d1ac9338744f61a02 -> 
  custom:container-demuxer-ogg: 62fdf1f143b41e24485cea50d1cbac27 -> 
  custom:video-encoder-webm-vp8: eb34c28f22e8b96e1ab97ce403110664 -> 
  custom:video-decoder-webm-vp8: 9c59270c3fd7afecdb556c50c9e8de78 -> 
  custom:audio-decoder-ogg-vorbis: bf7c407c2cedff20999df2af8eb42d56 -> 
  custom:audio-encoder-webm-vorbis: bf7c407c2cedff20999df2af8eb42d56 -> 
========================================================================
Received Import Request.
  path: Assets/New Folder
  artifactKey: Guid(9f05a2469dd57a7408d682fc60b91b2c) Importer(815301076,1909f56bfc062723c751e8b465ee728b)
Start importing Assets/New Folder using Guid(9f05a2469dd57a7408d682fc60b91b2c) Importer(815301076,1909f56bfc062723c751e8b465ee728b)  -> (artifact id: '18153dc42bddb8b722350af676967152') in 0.005630 seconds 
  Import took 0.010498 seconds .

========================================================================
Received Import Request.
  Time since last request: 0.035244 seconds.
  path: Assets/New Folder
  artifactKey: Guid(9f05a2469dd57a7408d682fc60b91b2c) Importer(815301076,1909f56bfc062723c751e8b465ee728b)
Start importing Assets/New Folder using Guid(9f05a2469dd57a7408d682fc60b91b2c) Importer(815301076,1909f56bfc062723c751e8b465ee728b)  -> (artifact id: '18153dc42bddb8b722350af676967152') in 0.001639 seconds 
  Import took 0.004661 seconds .

========================================================================
Received Import Request.
  Time since last request: 22.013633 seconds.
  path: Assets/場景素材
  artifactKey: Guid(9f05a2469dd57a7408d682fc60b91b2c) Importer(815301076,1909f56bfc062723c751e8b465ee728b)
Start importing Assets/場景素材 using Guid(9f05a2469dd57a7408d682fc60b91b2c) Importer(815301076,1909f56bfc062723c751e8b465ee728b)  -> (artifact id: 'b8ce642eec5f693b9f0eaea120175e5b') in 0.001974 seconds 
  Import took 0.006001 seconds .

========================================================================
Received Import Request.
  Time since last request: 1287.804607 seconds.
  path: Assets/Cainos/Pixel Art Platformer - Village Props
  artifactKey: Guid(1f08d781702466b438d35aa7938d8030) Importer(815301076,1909f56bfc062723c751e8b465ee728b)
Start importing Assets/Cainos/Pixel Art Platformer - Village Props using Guid(1f08d781702466b438d35aa7938d8030) Importer(815301076,1909f56bfc062723c751e8b465ee728b)  -> (artifact id: 'a0d0ee06777279a5df54c5441e1b0263') in 0.002024 seconds 
  Import took 0.005666 seconds .

========================================================================
Received Import Request.
  Time since last request: 48.496048 seconds.
  path: Assets/場景素材/Pixel Art Platformer - Village Props/Tileset Palette/TP Ground Darken.prefab
  artifactKey: Guid(027db5ce1ff2f4142b49c3de3b59625a) Importer(815301076,1909f56bfc062723c751e8b465ee728b)
Start importing Assets/場景素材/Pixel Art Platformer - Village Props/Tileset Palette/TP Ground Darken.prefab using Guid(027db5ce1ff2f4142b49c3de3b59625a) Importer(815301076,1909f56bfc062723c751e8b465ee728b)  -> (artifact id: '55f1059c23ba11d9c3baf4fcb1ce4bcb') in 0.114272 seconds 
  Import took 0.118068 seconds .

========================================================================
Received Import Request.
  Time since last request: 0.000302 seconds.
  path: Assets/場景素材/Pixel Art Platformer - Village Props/Tileset Palette/TP Ground.prefab
  artifactKey: Guid(a657d1104ca50f54dac2bf8d3d8e9898) Importer(815301076,1909f56bfc062723c751e8b465ee728b)
Start importing Assets/場景素材/Pixel Art Platformer - Village Props/Tileset Palette/TP Ground.prefab using Guid(a657d1104ca50f54dac2bf8d3d8e9898) Importer(815301076,1909f56bfc062723c751e8b465ee728b)  -> (artifact id: '1e9edf212ad462b98353a087f9943218') in 0.069465 seconds 
  Import took 0.072444 seconds .

========================================================================
Received Import Request.
  Time since last request: 14.117769 seconds.
  path: Assets/場景素材/Pixel Art Platformer - Village Props/Material/MT FX Particle Torch Fire.mat
  artifactKey: Guid(dce4faabfa7d00147bb7d853e5c1fbf3) Importer(815301076,1909f56bfc062723c751e8b465ee728b)
Start importing Assets/場景素材/Pixel Art Platformer - Village Props/Material/MT FX Particle Torch Fire.mat using Guid(dce4faabfa7d00147bb7d853e5c1fbf3) Importer(815301076,1909f56bfc062723c751e8b465ee728b)  -> (artifact id: 'c90ff633051c9112fb31050bc976cbd0') in 0.071676 seconds 
  Import took 0.075255 seconds .

========================================================================
Received Import Request.
  Time since last request: 0.000340 seconds.
  path: Assets/場景素材/Pixel Art Platformer - Village Props/Material/MT FX Particle Torch Spark.mat
  artifactKey: Guid(23524a906e8f5eb4384f92eb87af52f4) Importer(815301076,1909f56bfc062723c751e8b465ee728b)
Start importing Assets/場景素材/Pixel Art Platformer - Village Props/Material/MT FX Particle Torch Spark.mat using Guid(23524a906e8f5eb4384f92eb87af52f4) Importer(815301076,1909f56bfc062723c751e8b465ee728b)  -> (artifact id: '225e68a24654691f4aedb68393def03a') in 0.013893 seconds 
  Import took 0.016718 seconds .

========================================================================
Received Import Request.
  Time since last request: 0.000292 seconds.
  path: Assets/場景素材/Pixel Art Platformer - Village Props/Material/MT FX Particle Torch Glow.mat
  artifactKey: Guid(6c48dc6ed4cda324b83bb2391ca6fb9a) Importer(815301076,1909f56bfc062723c751e8b465ee728b)
Start importing Assets/場景素材/Pixel Art Platformer - Village Props/Material/MT FX Particle Torch Glow.mat using Guid(6c48dc6ed4cda324b83bb2391ca6fb9a) Importer(815301076,1909f56bfc062723c751e8b465ee728b)  -> (artifact id: 'fe71cf4db70b34234b34505600ccff49') in 0.012386 seconds 
  Import took 0.015260 seconds .

========================================================================
Received Import Request.
  Time since last request: 0.525785 seconds.
  path: Assets/場景素材/Pixel Art Platformer - Village Props/Prefab/PF FX Campfire Fire.prefab
  artifactKey: Guid(2b206c0d2afb3604183d9210be1d84ce) Importer(815301076,1909f56bfc062723c751e8b465ee728b)
Start importing Assets/場景素材/Pixel Art Platformer - Village Props/Prefab/PF FX Campfire Fire.prefab using Guid(2b206c0d2afb3604183d9210be1d84ce) Importer(815301076,1909f56bfc062723c751e8b465ee728b)  -> (artifact id: '5af5f618920814676af49859b8c5f41c') in 0.011080 seconds 
  Import took 0.014278 seconds .

========================================================================
Received Import Request.
  Time since last request: 0.000272 seconds.
  path: Assets/場景素材/Pixel Art Platformer - Village Props/Prefab/PF FX Torch Fire.prefab
  artifactKey: Guid(4cfc0b96b77f5374a9242d6779dd65bf) Importer(815301076,1909f56bfc062723c751e8b465ee728b)
Start importing Assets/場景素材/Pixel Art Platformer - Village Props/Prefab/PF FX Torch Fire.prefab using Guid(4cfc0b96b77f5374a9242d6779dd65bf) Importer(815301076,1909f56bfc062723c751e8b465ee728b)  -> (artifact id: 'dd0a650bcfe64df08315b7eaa497b82b') in 0.009139 seconds 
  Import took 0.012364 seconds .

========================================================================
Received Import Request.
  Time since last request: 0.000233 seconds.
  path: Assets/場景素材/Pixel Art Platformer - Village Props/Prefab/PF FX Fire Bowl Fire.prefab
  artifactKey: Guid(69e62f89c9d82ba4085d34eeff6f57bc) Importer(815301076,1909f56bfc062723c751e8b465ee728b)
Start importing Assets/場景素材/Pixel Art Platformer - Village Props/Prefab/PF FX Fire Bowl Fire.prefab using Guid(69e62f89c9d82ba4085d34eeff6f57bc) Importer(815301076,1909f56bfc062723c751e8b465ee728b)  -> (artifact id: '83d5b6523b3291ea0fe15618ccfcb9b8') in 0.010323 seconds 
  Import took 0.013706 seconds .

========================================================================
Received Import Request.
  Time since last request: 29.396390 seconds.
  path: Assets/場景素材/Pixel Art Platformer - Village Props/Texture/TX Background Grid.png
  artifactKey: Guid(4525736a9d0538940bce8f13f1227b26) Importer(815301076,1909f56bfc062723c751e8b465ee728b)
Start importing Assets/場景素材/Pixel Art Platformer - Village Props/Texture/TX Background Grid.png using Guid(4525736a9d0538940bce8f13f1227b26) Importer(815301076,1909f56bfc062723c751e8b465ee728b)  -> (artifact id: 'f1356049b4987f1ab94b0ca3938456c5') in 0.125053 seconds 
  Import took 0.128472 seconds .

========================================================================
Received Import Request.
  Time since last request: 0.000297 seconds.
  path: Assets/場景素材/Pixel Art Platformer - Village Props/Texture/TX Particle Flame.png
  artifactKey: Guid(cfcfd3af954eeb54cb041fe6d75a983b) Importer(815301076,1909f56bfc062723c751e8b465ee728b)
Start importing Assets/場景素材/Pixel Art Platformer - Village Props/Texture/TX Particle Flame.png using Guid(cfcfd3af954eeb54cb041fe6d75a983b) Importer(815301076,1909f56bfc062723c751e8b465ee728b)  -> (artifact id: '29e8cbfd73e5a2118f525430884e0f6a') in 0.018443 seconds 
  Import took 0.021259 seconds .

========================================================================
Received Import Request.
  Time since last request: 0.000267 seconds.
  path: Assets/場景素材/Pixel Art Platformer - Village Props/Texture/TX Tileset Ground.png
  artifactKey: Guid(bb35af95735851440927571ef230221b) Importer(815301076,1909f56bfc062723c751e8b465ee728b)
Start importing Assets/場景素材/Pixel Art Platformer - Village Props/Texture/TX Tileset Ground.png using Guid(bb35af95735851440927571ef230221b) Importer(815301076,1909f56bfc062723c751e8b465ee728b)  -> (artifact id: '8bd5a3b5bd8129f3166c5aa0c662e09c') in 0.103969 seconds 
  Import took 0.106662 seconds .

========================================================================
Received Import Request.
  Time since last request: 0.000288 seconds.
  path: Assets/場景素材/Pixel Art Platformer - Village Props/Texture/TX Village Props.png
  artifactKey: Guid(7810966f0f690954c87305933cabf2b0) Importer(815301076,1909f56bfc062723c751e8b465ee728b)
Start importing Assets/場景素材/Pixel Art Platformer - Village Props/Texture/TX Village Props.png using Guid(7810966f0f690954c87305933cabf2b0) Importer(815301076,1909f56bfc062723c751e8b465ee728b)  -> (artifact id: 'd6df726575e22f6b1de712bc2df7808e') in 0.351770 seconds 
  Import took 0.354911 seconds .

========================================================================
Received Import Request.
  Time since last request: 0.000267 seconds.
  path: Assets/場景素材/Pixel Art Platformer - Village Props/Texture/TX Tileset Ground Darken.png
  artifactKey: Guid(157cbc340d2b7e64ab85168e80e95550) Importer(815301076,1909f56bfc062723c751e8b465ee728b)
Start importing Assets/場景素材/Pixel Art Platformer - Village Props/Texture/TX Tileset Ground Darken.png using Guid(157cbc340d2b7e64ab85168e80e95550) Importer(815301076,1909f56bfc062723c751e8b465ee728b)  -> (artifact id: 'dc2fab95ad34d74c9a64aeb484c286e1') in 0.072496 seconds 
  Import took 0.075188 seconds .

========================================================================
Received Import Request.
  Time since last request: 241.226716 seconds.
  path: Assets/場景素材/Pixel Art Platformer - Village Props/Texture/TX Background Grid.png
  artifactKey: Guid(4525736a9d0538940bce8f13f1227b26) Importer(815301076,1909f56bfc062723c751e8b465ee728b)
Start importing Assets/場景素材/Pixel Art Platformer - Village Props/Texture/TX Background Grid.png using Guid(4525736a9d0538940bce8f13f1227b26) Importer(815301076,1909f56bfc062723c751e8b465ee728b)  -> (artifact id: '76d31af1d7d40155089c71f14a4db8b1') in 0.011141 seconds 
  Import took 0.015113 seconds .

========================================================================
Received Import Request.
  Time since last request: 0.000278 seconds.
  path: Assets/場景素材/Pixel Art Platformer - Village Props/Texture/TX Particle Flame.png
  artifactKey: Guid(cfcfd3af954eeb54cb041fe6d75a983b) Importer(815301076,1909f56bfc062723c751e8b465ee728b)
Start importing Assets/場景素材/Pixel Art Platformer - Village Props/Texture/TX Particle Flame.png using Guid(cfcfd3af954eeb54cb041fe6d75a983b) Importer(815301076,1909f56bfc062723c751e8b465ee728b)  -> (artifact id: '1fd1f0a2d07d95972b2b6de8d50696f4') in 0.013863 seconds 
  Import took 0.017871 seconds .

========================================================================
Received Import Request.
  Time since last request: 0.000242 seconds.
  path: Assets/場景素材/Pixel Art Platformer - Village Props/Texture/TX Tileset Ground.png
  artifactKey: Guid(bb35af95735851440927571ef230221b) Importer(815301076,1909f56bfc062723c751e8b465ee728b)
Start importing Assets/場景素材/Pixel Art Platformer - Village Props/Texture/TX Tileset Ground.png using Guid(bb35af95735851440927571ef230221b) Importer(815301076,1909f56bfc062723c751e8b465ee728b)  -> (artifact id: 'e15409b830d6ffe408b8cea3aad30d6d') in 0.012284 seconds 
  Import took 0.016084 seconds .

========================================================================
Received Import Request.
  Time since last request: 0.000307 seconds.
  path: Assets/場景素材/Pixel Art Platformer - Village Props/Texture/TX Village Props.png
  artifactKey: Guid(7810966f0f690954c87305933cabf2b0) Importer(815301076,1909f56bfc062723c751e8b465ee728b)
Start importing Assets/場景素材/Pixel Art Platformer - Village Props/Texture/TX Village Props.png using Guid(7810966f0f690954c87305933cabf2b0) Importer(815301076,1909f56bfc062723c751e8b465ee728b)  -> (artifact id: '180340ee9899a31c3c04cc073a49128d') in 0.013832 seconds 
  Import took 0.017614 seconds .

========================================================================
Received Import Request.
  Time since last request: 0.000343 seconds.
  path: Assets/場景素材/Pixel Art Platformer - Village Props/Texture/TX Tileset Ground Darken.png
  artifactKey: Guid(157cbc340d2b7e64ab85168e80e95550) Importer(815301076,1909f56bfc062723c751e8b465ee728b)
Start importing Assets/場景素材/Pixel Art Platformer - Village Props/Texture/TX Tileset Ground Darken.png using Guid(157cbc340d2b7e64ab85168e80e95550) Importer(815301076,1909f56bfc062723c751e8b465ee728b)  -> (artifact id: 'dc041e0b68299994ff8dca6c79267f5d') in 0.012132 seconds 
  Import took 0.015278 seconds .

========================================================================
Received Import Request.
  Time since last request: 57.348591 seconds.
  path: Assets/場景素材/Pixel Art Platformer - Village Props/Texture/TX Village Props.png
  artifactKey: Guid(7810966f0f690954c87305933cabf2b0) Importer(815301076,1909f56bfc062723c751e8b465ee728b)
Start importing Assets/場景素材/Pixel Art Platformer - Village Props/Texture/TX Village Props.png using Guid(7810966f0f690954c87305933cabf2b0) Importer(815301076,1909f56bfc062723c751e8b465ee728b)  -> (artifact id: 'bb158b13c5e864a837908bfd3b860977') in 0.010910 seconds 
  Import took 0.015677 seconds .

========================================================================
Received Import Request.
  Time since last request: 268.402276 seconds.
  path: Assets/場景素材/Pixel Art Platformer - Village Props/Texture/TX Village Props.png
  artifactKey: Guid(7810966f0f690954c87305933cabf2b0) Importer(815301076,1909f56bfc062723c751e8b465ee728b)
Start importing Assets/場景素材/Pixel Art Platformer - Village Props/Texture/TX Village Props.png using Guid(7810966f0f690954c87305933cabf2b0) Importer(815301076,1909f56bfc062723c751e8b465ee728b)  -> (artifact id: 'c987f60ae6ddcbea004e7994d7d40cec') in 0.222754 seconds 
  Import took 0.227507 seconds .

========================================================================
Received Import Request.
  Time since last request: 68.072108 seconds.
  path: Assets/場景素材/Pixel Art Platformer - Village Props/Texture/TX Village Props.png
  artifactKey: Guid(7810966f0f690954c87305933cabf2b0) Importer(815301076,1909f56bfc062723c751e8b465ee728b)
Start importing Assets/場景素材/Pixel Art Platformer - Village Props/Texture/TX Village Props.png using Guid(7810966f0f690954c87305933cabf2b0) Importer(815301076,1909f56bfc062723c751e8b465ee728b)  -> (artifact id: '70614e92693467422f4735e24601a4ef') in 0.312315 seconds 
  Import took 0.316052 seconds .

========================================================================
Received Import Request.
  Time since last request: 49.705251 seconds.
  path: Assets/場景素材/Pixel Art Platformer - Village Props/Texture/TX Tileset Ground Darken.png
  artifactKey: Guid(157cbc340d2b7e64ab85168e80e95550) Importer(815301076,1909f56bfc062723c751e8b465ee728b)
Start importing Assets/場景素材/Pixel Art Platformer - Village Props/Texture/TX Tileset Ground Darken.png using Guid(157cbc340d2b7e64ab85168e80e95550) Importer(815301076,1909f56bfc062723c751e8b465ee728b)  -> (artifact id: '1411b206b848d40d4fb1fd381005a4a9') in 0.017244 seconds 
  Import took 0.021661 seconds .

========================================================================
Received Import Request.
  Time since last request: 29.373847 seconds.
  path: Assets/場景素材/Pixel Art Platformer - Village Props/Texture/TX Tileset Ground Darken.png
  artifactKey: Guid(157cbc340d2b7e64ab85168e80e95550) Importer(815301076,1909f56bfc062723c751e8b465ee728b)
Start importing Assets/場景素材/Pixel Art Platformer - Village Props/Texture/TX Tileset Ground Darken.png using Guid(157cbc340d2b7e64ab85168e80e95550) Importer(815301076,1909f56bfc062723c751e8b465ee728b)  -> (artifact id: 'afd137dfc2428258bd482bbe093d9e85') in 0.009768 seconds 
  Import took 0.013140 seconds .

========================================================================
Received Import Request.
  Time since last request: 32.412710 seconds.
  path: Assets/場景素材/Pixel Art Platformer - Village Props/Texture/TX Tileset Ground Darken.png
  artifactKey: Guid(157cbc340d2b7e64ab85168e80e95550) Importer(815301076,1909f56bfc062723c751e8b465ee728b)
Start importing Assets/場景素材/Pixel Art Platformer - Village Props/Texture/TX Tileset Ground Darken.png using Guid(157cbc340d2b7e64ab85168e80e95550) Importer(815301076,1909f56bfc062723c751e8b465ee728b)  -> (artifact id: 'feecaa14fa8738b241ce7f510808ec33') in 0.109104 seconds 
  Import took 0.112239 seconds .

========================================================================
Received Import Request.
  Time since last request: 81.744476 seconds.
  path: Assets/場景素材/Pixel Art Platformer - Village Props/Texture/TX Tileset Ground.png
  artifactKey: Guid(bb35af95735851440927571ef230221b) Importer(815301076,1909f56bfc062723c751e8b465ee728b)
Start importing Assets/場景素材/Pixel Art Platformer - Village Props/Texture/TX Tileset Ground.png using Guid(bb35af95735851440927571ef230221b) Importer(815301076,1909f56bfc062723c751e8b465ee728b)  -> (artifact id: 'd295a6780473913d941238aac5fb1aa3') in 0.009853 seconds 
  Import took 0.012953 seconds .

========================================================================
Received Import Request.
  Time since last request: 5.516392 seconds.
  path: Assets/場景素材/Pixel Art Platformer - Village Props/Texture/TX Tileset Ground.png
  artifactKey: Guid(bb35af95735851440927571ef230221b) Importer(815301076,1909f56bfc062723c751e8b465ee728b)
Start importing Assets/場景素材/Pixel Art Platformer - Village Props/Texture/TX Tileset Ground.png using Guid(bb35af95735851440927571ef230221b) Importer(815301076,1909f56bfc062723c751e8b465ee728b)  -> (artifact id: '02f16b519f551bdf600e7d473ca377f3') in 0.096135 seconds 
  Import took 0.099691 seconds .

========================================================================
Received Import Request.
  Time since last request: 16.261110 seconds.
  path: Assets/場景素材/Pixel Art Platformer - Village Props/Texture/TX Tileset Ground.png
  artifactKey: Guid(bb35af95735851440927571ef230221b) Importer(815301076,1909f56bfc062723c751e8b465ee728b)
Start importing Assets/場景素材/Pixel Art Platformer - Village Props/Texture/TX Tileset Ground.png using Guid(bb35af95735851440927571ef230221b) Importer(815301076,1909f56bfc062723c751e8b465ee728b)  -> (artifact id: '736ec0ecc70eebb69e1c779152e564b4') in 0.086206 seconds 
  Import took 0.089679 seconds .

========================================================================
Received Import Request.
  Time since last request: 51.638323 seconds.
  path: Assets/場景素材/Pixel Art Platformer - Village Props/Texture/TX Particle Flame.png
  artifactKey: Guid(cfcfd3af954eeb54cb041fe6d75a983b) Importer(815301076,1909f56bfc062723c751e8b465ee728b)
Start importing Assets/場景素材/Pixel Art Platformer - Village Props/Texture/TX Particle Flame.png using Guid(cfcfd3af954eeb54cb041fe6d75a983b) Importer(815301076,1909f56bfc062723c751e8b465ee728b)  -> (artifact id: '8cb626b4f50a2dcca01d31f072885156') in 0.008926 seconds 
  Import took 0.012752 seconds .

========================================================================
Received Import Request.
  Time since last request: 58.428935 seconds.
  path: Assets/場景素材/Pixel Art Platformer - Village Props/Texture/TX Particle Flame.png
  artifactKey: Guid(cfcfd3af954eeb54cb041fe6d75a983b) Importer(815301076,1909f56bfc062723c751e8b465ee728b)
Start importing Assets/場景素材/Pixel Art Platformer - Village Props/Texture/TX Particle Flame.png using Guid(cfcfd3af954eeb54cb041fe6d75a983b) Importer(815301076,1909f56bfc062723c751e8b465ee728b)  -> (artifact id: 'c5f9e9a12c921c0e663c5d6dbcf7d32f') in 0.096936 seconds 
  Import took 0.100862 seconds .

========================================================================
Received Import Request.
  Time since last request: 1492.245978 seconds.
  path: Assets/調色盤/地形調色盤.prefab
  artifactKey: Guid(f4e2c5bc1bd38f943993324701a7ef11) Importer(815301076,1909f56bfc062723c751e8b465ee728b)
Start importing Assets/調色盤/地形調色盤.prefab using Guid(f4e2c5bc1bd38f943993324701a7ef11) Importer(815301076,1909f56bfc062723c751e8b465ee728b)  -> (artifact id: '21674338974889b0d202547f0ab76c80') in 0.037457 seconds 
  Import took 0.041894 seconds .

========================================================================
Received Import Request.
  Time since last request: 59.255118 seconds.
  path: Assets/調色盤/TX Tileset Ground_1.asset
  artifactKey: Guid(4c8fd706789e71e49aa8e91752d6b0ae) Importer(815301076,1909f56bfc062723c751e8b465ee728b)
Start importing Assets/調色盤/TX Tileset Ground_1.asset using Guid(4c8fd706789e71e49aa8e91752d6b0ae) Importer(815301076,1909f56bfc062723c751e8b465ee728b)  -> (artifact id: '0c0c5c7e8f73ef4b2fbc1441a3248cf9') in 0.018442 seconds 
  Import took 0.022127 seconds .

========================================================================
Received Import Request.
  Time since last request: 0.000275 seconds.
  path: Assets/調色盤/TX Tileset Ground_2.asset
  artifactKey: Guid(b3df733d1f70a424ea3f590861b828fb) Importer(815301076,1909f56bfc062723c751e8b465ee728b)
Start importing Assets/調色盤/TX Tileset Ground_2.asset using Guid(b3df733d1f70a424ea3f590861b828fb) Importer(815301076,1909f56bfc062723c751e8b465ee728b)  -> (artifact id: '11a97f163d31d1387bf0895179b6dae6') in 0.013063 seconds 
  Import took 0.017257 seconds .

========================================================================
Received Import Request.
  Time since last request: 0.000296 seconds.
  path: Assets/調色盤/地形調色盤.prefab
  artifactKey: Guid(f4e2c5bc1bd38f943993324701a7ef11) Importer(815301076,1909f56bfc062723c751e8b465ee728b)
Start importing Assets/調色盤/地形調色盤.prefab using Guid(f4e2c5bc1bd38f943993324701a7ef11) Importer(815301076,1909f56bfc062723c751e8b465ee728b)  -> (artifact id: '5b73b28fbe0a2b02aea15814905f3f8e') in 0.013715 seconds 
  Import took 0.017650 seconds .

========================================================================
Received Import Request.
  Time since last request: 1.145128 seconds.
  path: Assets/調色盤/TX Tileset Ground_0.asset
  artifactKey: Guid(9b58a5813c35c264d8156bb92d71af57) Importer(815301076,1909f56bfc062723c751e8b465ee728b)
Start importing Assets/調色盤/TX Tileset Ground_0.asset using Guid(9b58a5813c35c264d8156bb92d71af57) Importer(815301076,1909f56bfc062723c751e8b465ee728b)  -> (artifact id: '75d70445d747b398c15186cc9bacf55f') in 0.008597 seconds 
  Import took 0.015284 seconds .

========================================================================
Received Import Request.
  Time since last request: 0.003593 seconds.
  path: Assets/調色盤/TX Tileset Ground_0.asset
  artifactKey: Guid(9b58a5813c35c264d8156bb92d71af57) Importer(815301076,1909f56bfc062723c751e8b465ee728b)
Start importing Assets/調色盤/TX Tileset Ground_0.asset using Guid(9b58a5813c35c264d8156bb92d71af57) Importer(815301076,1909f56bfc062723c751e8b465ee728b)  -> (artifact id: '75d70445d747b398c15186cc9bacf55f') in 0.009802 seconds 
  Import took 0.014421 seconds .

========================================================================
Received Import Request.
  Time since last request: 18.478818 seconds.
  path: Assets/調色盤/地形調色盤.prefab
  artifactKey: Guid(f4e2c5bc1bd38f943993324701a7ef11) Importer(815301076,1909f56bfc062723c751e8b465ee728b)
Start importing Assets/調色盤/地形調色盤.prefab using Guid(f4e2c5bc1bd38f943993324701a7ef11) Importer(815301076,1909f56bfc062723c751e8b465ee728b)  -> (artifact id: '3ccf826649d2bfe95b1c510085c2efa2') in 0.011109 seconds 
  Import took 0.014104 seconds .

========================================================================
Received Import Request.
  Time since last request: 55.393723 seconds.
  path: Assets/調色盤/TX Tileset Ground_4.asset
  artifactKey: Guid(8df36cb70255fc64081f657f5dd27c74) Importer(815301076,1909f56bfc062723c751e8b465ee728b)
Start importing Assets/調色盤/TX Tileset Ground_4.asset using Guid(8df36cb70255fc64081f657f5dd27c74) Importer(815301076,1909f56bfc062723c751e8b465ee728b)  -> (artifact id: 'f3ae5ed2800ca33315456bd6f2fe63ce') in 0.008569 seconds 
  Import took 0.011626 seconds .

========================================================================
Received Import Request.
  Time since last request: 0.000301 seconds.
  path: Assets/調色盤/TX Tileset Ground_5.asset
  artifactKey: Guid(d79dafd81f6ef7a44858c9769b4fc653) Importer(815301076,1909f56bfc062723c751e8b465ee728b)
Start importing Assets/調色盤/TX Tileset Ground_5.asset using Guid(d79dafd81f6ef7a44858c9769b4fc653) Importer(815301076,1909f56bfc062723c751e8b465ee728b)  -> (artifact id: 'cabf1a28ef9e84144c11c35576f40bdf') in 0.005222 seconds 
  Import took 0.007907 seconds .

========================================================================
Received Import Request.
  Time since last request: 0.000486 seconds.
  path: Assets/調色盤/地形調色盤.prefab
  artifactKey: Guid(f4e2c5bc1bd38f943993324701a7ef11) Importer(815301076,1909f56bfc062723c751e8b465ee728b)
Start importing Assets/調色盤/地形調色盤.prefab using Guid(f4e2c5bc1bd38f943993324701a7ef11) Importer(815301076,1909f56bfc062723c751e8b465ee728b)  -> (artifact id: 'cd4dc447ddc28194e54bd143382d8e5d') in 0.011550 seconds 
  Import took 0.015529 seconds .

AssetImportWorkerClient::OnTransportError - code=2 error=End of file
